<?xml version="1.0" encoding="UTF-8"?>
<testng-results ignored="0" total="1" passed="1" failed="0" skipped="0">
  <reporter-output>
  </reporter-output>
  <suite started-at="2019-11-06T11:36:29Z" name="Default suite" finished-at="2019-11-06T11:36:57Z" duration-ms="28587">
    <groups>
    </groups>
    <test started-at="2019-11-06T11:36:29Z" name="Default test" finished-at="2019-11-06T11:36:57Z" duration-ms="28587">
      <class name="guru99.gittest.AppTest">
        <test-method signature="myt()[pri:0, instance:guru99.gittest.AppTest@6107227e]" started-at="2019-11-06T11:36:29Z" name="myt" finished-at="2019-11-06T11:36:57Z" duration-ms="28565" status="PASS">
          <reporter-output>
          </reporter-output>
        </test-method> <!-- myt -->
      </class> <!-- guru99.gittest.AppTest -->
    </test> <!-- Default test -->
  </suite> <!-- Default suite -->
</testng-results>
